Copyright 1986-2022 Xilinx, Inc. All Rights Reserved. Copyright 2022-2024 Advanced Micro Devices, Inc. All Rights Reserved.
--------------------------------------------------------------------------------------------------------------------------------------------------------------------------------------------------------------
| Tool Version : Vivado v.2024.1.1 (lin64) Build 5094488 Fri Jun 14 08:57:50 MDT 2024
| Date         : Tue Sep  3 09:31:40 2024
| Host         : cathedral running 64-bit Fedora Linux 40 (Workstation Edition)
| Command      : report_methodology -file multi_barrel_shifter_mux_methodology_drc_routed.rpt -pb multi_barrel_shifter_mux_methodology_drc_routed.pb -rpx multi_barrel_shifter_mux_methodology_drc_routed.rpx
| Design       : multi_barrel_shifter_mux
| Device       : xc7a100tcsg324-1
| Speed File   : -1
| Design State : Fully Routed
--------------------------------------------------------------------------------------------------------------------------------------------------------------------------------------------------------------

Report Methodology

Table of Contents
-----------------
1. REPORT SUMMARY
2. REPORT DETAILS

1. REPORT SUMMARY
-----------------
            Netlist: netlist
          Floorplan: design_1
      Design limits: <entire design considered>
             Max violations: <unlimited>
             Violations found: 0
+------+----------+-------------+------------+
| Rule | Severity | Description | Violations |
+------+----------+-------------+------------+
+------+----------+-------------+------------+

2. REPORT DETAILS
-----------------

