
*** Running vivado
    with args -log multi_barrel_shifter_mux.vds -m64 -product Vivado -mode batch -messageDb vivado.pb -notrace -source multi_barrel_shifter_mux.tcl


****** Vivado v2024.1.1 (64-bit)
  **** SW Build 5094488 on Fri Jun 14 08:57:50 MDT 2024
  **** IP Build 5091682 on Fri Jun 14 16:55:04 MDT 2024
  **** SharedData Build 5094118 on Fri Jun 14 01:09:43 MDT 2024
  **** Start of session at: Tue Sep  3 09:30:13 2024
    ** Copyright 1986-2022 Xilinx, Inc. All Rights Reserved.
    ** Copyright 2022-2024 Advanced Micro Devices, Inc. All Rights Reserved.

source multi_barrel_shifter_mux.tcl -notrace
create_project: Time (s): cpu = 00:00:06 ; elapsed = 00:00:06 . Memory (MB): peak = 1627.344 ; gain = 0.023 ; free physical = 33181 ; free virtual = 47927
Command: read_checkpoint -auto_incremental -incremental /home/ncking/ECE-4305_Lab-1/ECE-4305_Lab-1.srcs/utils_1/imports/synth_1/param_right_shifter.dcp
INFO: [Vivado 12-5825] Read reference checkpoint from /home/ncking/ECE-4305_Lab-1/ECE-4305_Lab-1.srcs/utils_1/imports/synth_1/param_right_shifter.dcp for incremental synthesis
INFO: [Vivado 12-7989] Please ensure there are no constraint changes
Command: synth_design -top multi_barrel_shifter_mux -part xc7a100tcsg324-1
Starting synth_design
Attempting to get a license for feature 'Synthesis' and/or device 'xc7a100t'
INFO: [Common 17-349] Got license for feature 'Synthesis' and/or device 'xc7a100t'
INFO: [Device 21-403] Loading part xc7a100tcsg324-1
INFO: [Device 21-9227] Part: xc7a100tcsg324-1 does not have CEAM library.
INFO: [Designutils 20-5440] No compile time benefit to using incremental synthesis; A full resynthesis will be run
INFO: [Designutils 20-4379] Flow is switching to default flow due to incremental criteria not met. If you would like to alter this behaviour and have the flow terminate instead, please set the following parameter config_implementation {autoIncr.Synth.RejectBehavior Terminate}
INFO: [Synth 8-7079] Multithreading enabled for synth_design using a maximum of 4 processes.
INFO: [Synth 8-7078] Launching helper process for spawning children vivado processes
INFO: [Synth 8-7075] Helper process launched with PID 27985
---------------------------------------------------------------------------------
Starting RTL Elaboration : Time (s): cpu = 00:00:03 ; elapsed = 00:00:04 . Memory (MB): peak = 2359.035 ; gain = 412.652 ; free physical = 32069 ; free virtual = 46843
---------------------------------------------------------------------------------
WARNING: [Synth 8-9661] initial value of parameter 'width_select' is omitted [/home/ncking/ECE-4305_Lab-1/ECE-4305_Lab-1.srcs/sources_1/new/param_mux.sv:24]
WARNING: [Synth 8-9661] initial value of parameter 'width_input' is omitted [/home/ncking/ECE-4305_Lab-1/ECE-4305_Lab-1.srcs/sources_1/new/param_mux.sv:25]
INFO: [Synth 8-6157] synthesizing module 'multi_barrel_shifter_mux' [/home/ncking/ECE-4305_Lab-1/ECE-4305_Lab-1.srcs/sources_1/new/multi_barrel_shifter_mux.sv:22]
INFO: [Synth 8-6157] synthesizing module 'param_right_shifter' [/home/ncking/ECE-4305_Lab-1/ECE-4305_Lab-1.srcs/sources_1/new/param_right_shifter.sv:22]
	Parameter width bound to: 3 - type: integer 
INFO: [Synth 8-6155] done synthesizing module 'param_right_shifter' (0#1) [/home/ncking/ECE-4305_Lab-1/ECE-4305_Lab-1.srcs/sources_1/new/param_right_shifter.sv:22]
WARNING: [Synth 8-689] width (8) of port connection 'shift' does not match port width (3) of module 'param_right_shifter' [/home/ncking/ECE-4305_Lab-1/ECE-4305_Lab-1.srcs/sources_1/new/multi_barrel_shifter_mux.sv:36]
INFO: [Synth 8-6157] synthesizing module 'param_left_shifter' [/home/ncking/ECE-4305_Lab-1/ECE-4305_Lab-1.srcs/sources_1/new/param_left_shifter.sv:21]
	Parameter width bound to: 3 - type: integer 
INFO: [Synth 8-6155] done synthesizing module 'param_left_shifter' (0#1) [/home/ncking/ECE-4305_Lab-1/ECE-4305_Lab-1.srcs/sources_1/new/param_left_shifter.sv:21]
WARNING: [Synth 8-689] width (8) of port connection 'shift' does not match port width (3) of module 'param_left_shifter' [/home/ncking/ECE-4305_Lab-1/ECE-4305_Lab-1.srcs/sources_1/new/multi_barrel_shifter_mux.sv:43]
INFO: [Synth 8-6157] synthesizing module 'param_mux' [/home/ncking/ECE-4305_Lab-1/ECE-4305_Lab-1.srcs/sources_1/new/param_mux.sv:21]
	Parameter width_select bound to: 1 - type: integer 
	Parameter width_input bound to: 8 - type: integer 
INFO: [Synth 8-6155] done synthesizing module 'param_mux' (0#1) [/home/ncking/ECE-4305_Lab-1/ECE-4305_Lab-1.srcs/sources_1/new/param_mux.sv:21]
INFO: [Synth 8-6155] done synthesizing module 'multi_barrel_shifter_mux' (0#1) [/home/ncking/ECE-4305_Lab-1/ECE-4305_Lab-1.srcs/sources_1/new/multi_barrel_shifter_mux.sv:22]
WARNING: [Synth 8-7129] Port shift[7] in module multi_barrel_shifter_mux is either unconnected or has no load
WARNING: [Synth 8-7129] Port shift[6] in module multi_barrel_shifter_mux is either unconnected or has no load
WARNING: [Synth 8-7129] Port shift[5] in module multi_barrel_shifter_mux is either unconnected or has no load
WARNING: [Synth 8-7129] Port shift[4] in module multi_barrel_shifter_mux is either unconnected or has no load
WARNING: [Synth 8-7129] Port shift[3] in module multi_barrel_shifter_mux is either unconnected or has no load
---------------------------------------------------------------------------------
Finished RTL Elaboration : Time (s): cpu = 00:00:05 ; elapsed = 00:00:05 . Memory (MB): peak = 2435.973 ; gain = 489.590 ; free physical = 31967 ; free virtual = 46747
---------------------------------------------------------------------------------
---------------------------------------------------------------------------------
Start Handling Custom Attributes
---------------------------------------------------------------------------------
---------------------------------------------------------------------------------
Finished Handling Custom Attributes : Time (s): cpu = 00:00:05 ; elapsed = 00:00:05 . Memory (MB): peak = 2450.816 ; gain = 504.434 ; free physical = 31967 ; free virtual = 46747
---------------------------------------------------------------------------------
---------------------------------------------------------------------------------
Finished RTL Optimization Phase 1 : Time (s): cpu = 00:00:05 ; elapsed = 00:00:05 . Memory (MB): peak = 2450.816 ; gain = 504.434 ; free physical = 31967 ; free virtual = 46747
---------------------------------------------------------------------------------
Netlist sorting complete. Time (s): cpu = 00:00:00 ; elapsed = 00:00:00 . Memory (MB): peak = 2450.816 ; gain = 0.000 ; free physical = 31967 ; free virtual = 46747
INFO: [Project 1-570] Preparing netlist for logic optimization

Processing XDC Constraints
Initializing timing engine
Parsing XDC File [/home/ncking/Downloads/Nexys-A7-100T-Master.xdc]
Finished Parsing XDC File [/home/ncking/Downloads/Nexys-A7-100T-Master.xdc]
INFO: [Project 1-236] Implementation specific constraints were found while reading constraint file [/home/ncking/Downloads/Nexys-A7-100T-Master.xdc]. These constraints will be ignored for synthesis but will be used in implementation. Impacted constraints are listed in the file [.Xil/multi_barrel_shifter_mux_propImpl.xdc].
Resolution: To avoid this warning, move constraints listed in [.Xil/multi_barrel_shifter_mux_propImpl.xdc] to another XDC file and exclude this new file from synthesis with the used_in_synthesis property (File Properties dialog in GUI) and re-run elaboration/synthesis.
Completed Processing XDC Constraints

Netlist sorting complete. Time (s): cpu = 00:00:00 ; elapsed = 00:00:00 . Memory (MB): peak = 2586.566 ; gain = 0.000 ; free physical = 31937 ; free virtual = 46726
INFO: [Project 1-111] Unisim Transformation Summary:
No Unisim elements were transformed.

Constraint Validation Runtime : Time (s): cpu = 00:00:00 ; elapsed = 00:00:00 . Memory (MB): peak = 2586.566 ; gain = 0.000 ; free physical = 31937 ; free virtual = 46726
INFO: [Designutils 20-5440] No compile time benefit to using incremental synthesis; A full resynthesis will be run
INFO: [Designutils 20-4379] Flow is switching to default flow due to incremental criteria not met. If you would like to alter this behaviour and have the flow terminate instead, please set the following parameter config_implementation {autoIncr.Synth.RejectBehavior Terminate}
---------------------------------------------------------------------------------
Finished Constraint Validation : Time (s): cpu = 00:00:10 ; elapsed = 00:00:10 . Memory (MB): peak = 2586.566 ; gain = 640.184 ; free physical = 31940 ; free virtual = 46730
---------------------------------------------------------------------------------
---------------------------------------------------------------------------------
Start Loading Part and Timing Information
---------------------------------------------------------------------------------
Loading part: xc7a100tcsg324-1
---------------------------------------------------------------------------------
Finished Loading Part and Timing Information : Time (s): cpu = 00:00:10 ; elapsed = 00:00:10 . Memory (MB): peak = 2594.570 ; gain = 648.188 ; free physical = 31940 ; free virtual = 46730
---------------------------------------------------------------------------------
---------------------------------------------------------------------------------
Start Applying 'set_property' XDC Constraints
---------------------------------------------------------------------------------
---------------------------------------------------------------------------------
Finished applying 'set_property' XDC Constraints : Time (s): cpu = 00:00:10 ; elapsed = 00:00:10 . Memory (MB): peak = 2594.570 ; gain = 648.188 ; free physical = 31940 ; free virtual = 46730
---------------------------------------------------------------------------------
---------------------------------------------------------------------------------
Finished RTL Optimization Phase 2 : Time (s): cpu = 00:00:10 ; elapsed = 00:00:10 . Memory (MB): peak = 2594.570 ; gain = 648.188 ; free physical = 31940 ; free virtual = 46731
---------------------------------------------------------------------------------
---------------------------------------------------------------------------------
Start RTL Component Statistics 
---------------------------------------------------------------------------------
Detailed RTL Component Info : 
+---Muxes : 
	   2 Input    8 Bit        Muxes := 1     
---------------------------------------------------------------------------------
Finished RTL Component Statistics 
---------------------------------------------------------------------------------
---------------------------------------------------------------------------------
Start Part Resource Summary
---------------------------------------------------------------------------------
Part Resources:
DSPs: 240 (col length:80)
BRAMs: 270 (col length: RAMB18 80 RAMB36 40)
---------------------------------------------------------------------------------
Finished Part Resource Summary
---------------------------------------------------------------------------------
---------------------------------------------------------------------------------
Start Cross Boundary and Area Optimization
---------------------------------------------------------------------------------
WARNING: [Synth 8-7080] Parallel synthesis criteria is not met
WARNING: [Synth 8-7129] Port shift[7] in module multi_barrel_shifter_mux is either unconnected or has no load
WARNING: [Synth 8-7129] Port shift[6] in module multi_barrel_shifter_mux is either unconnected or has no load
WARNING: [Synth 8-7129] Port shift[5] in module multi_barrel_shifter_mux is either unconnected or has no load
WARNING: [Synth 8-7129] Port shift[4] in module multi_barrel_shifter_mux is either unconnected or has no load
WARNING: [Synth 8-7129] Port shift[3] in module multi_barrel_shifter_mux is either unconnected or has no load
---------------------------------------------------------------------------------
Finished Cross Boundary and Area Optimization : Time (s): cpu = 00:00:11 ; elapsed = 00:00:11 . Memory (MB): peak = 2594.570 ; gain = 648.188 ; free physical = 31933 ; free virtual = 46731
---------------------------------------------------------------------------------
---------------------------------------------------------------------------------
Start Applying XDC Timing Constraints
---------------------------------------------------------------------------------
---------------------------------------------------------------------------------
Finished Applying XDC Timing Constraints : Time (s): cpu = 00:00:16 ; elapsed = 00:00:17 . Memory (MB): peak = 2594.570 ; gain = 648.188 ; free physical = 31952 ; free virtual = 46753
---------------------------------------------------------------------------------
---------------------------------------------------------------------------------
Start Timing Optimization
---------------------------------------------------------------------------------
---------------------------------------------------------------------------------
Finished Timing Optimization : Time (s): cpu = 00:00:16 ; elapsed = 00:00:17 . Memory (MB): peak = 2594.570 ; gain = 648.188 ; free physical = 31952 ; free virtual = 46753
---------------------------------------------------------------------------------
---------------------------------------------------------------------------------
Start Technology Mapping
---------------------------------------------------------------------------------
---------------------------------------------------------------------------------
Finished Technology Mapping : Time (s): cpu = 00:00:16 ; elapsed = 00:00:17 . Memory (MB): peak = 2594.570 ; gain = 648.188 ; free physical = 31952 ; free virtual = 46753
---------------------------------------------------------------------------------
---------------------------------------------------------------------------------
Start IO Insertion
---------------------------------------------------------------------------------
---------------------------------------------------------------------------------
Start Flattening Before IO Insertion
---------------------------------------------------------------------------------
---------------------------------------------------------------------------------
Finished Flattening Before IO Insertion
---------------------------------------------------------------------------------
---------------------------------------------------------------------------------
Start Final Netlist Cleanup
---------------------------------------------------------------------------------
---------------------------------------------------------------------------------
Finished Final Netlist Cleanup
---------------------------------------------------------------------------------
---------------------------------------------------------------------------------
Finished IO Insertion : Time (s): cpu = 00:00:19 ; elapsed = 00:00:20 . Memory (MB): peak = 2594.570 ; gain = 648.188 ; free physical = 31949 ; free virtual = 46750
---------------------------------------------------------------------------------
---------------------------------------------------------------------------------
Start Renaming Generated Instances
---------------------------------------------------------------------------------
---------------------------------------------------------------------------------
Finished Renaming Generated Instances : Time (s): cpu = 00:00:19 ; elapsed = 00:00:20 . Memory (MB): peak = 2594.570 ; gain = 648.188 ; free physical = 31949 ; free virtual = 46750
---------------------------------------------------------------------------------
---------------------------------------------------------------------------------
Start Rebuilding User Hierarchy
---------------------------------------------------------------------------------
---------------------------------------------------------------------------------
Finished Rebuilding User Hierarchy : Time (s): cpu = 00:00:19 ; elapsed = 00:00:20 . Memory (MB): peak = 2594.570 ; gain = 648.188 ; free physical = 31949 ; free virtual = 46750
---------------------------------------------------------------------------------
---------------------------------------------------------------------------------
Start Renaming Generated Ports
---------------------------------------------------------------------------------
---------------------------------------------------------------------------------
Finished Renaming Generated Ports : Time (s): cpu = 00:00:19 ; elapsed = 00:00:20 . Memory (MB): peak = 2594.570 ; gain = 648.188 ; free physical = 31949 ; free virtual = 46750
---------------------------------------------------------------------------------
---------------------------------------------------------------------------------
Start Handling Custom Attributes
---------------------------------------------------------------------------------
---------------------------------------------------------------------------------
Finished Handling Custom Attributes : Time (s): cpu = 00:00:19 ; elapsed = 00:00:20 . Memory (MB): peak = 2594.570 ; gain = 648.188 ; free physical = 31949 ; free virtual = 46750
---------------------------------------------------------------------------------
---------------------------------------------------------------------------------
Start Renaming Generated Nets
---------------------------------------------------------------------------------
---------------------------------------------------------------------------------
Finished Renaming Generated Nets : Time (s): cpu = 00:00:19 ; elapsed = 00:00:20 . Memory (MB): peak = 2594.570 ; gain = 648.188 ; free physical = 31949 ; free virtual = 46750
---------------------------------------------------------------------------------
---------------------------------------------------------------------------------
Start Writing Synthesis Report
---------------------------------------------------------------------------------

Report BlackBoxes: 
+-+--------------+----------+
| |BlackBox name |Instances |
+-+--------------+----------+
+-+--------------+----------+

Report Cell Usage: 
+------+-----+------+
|      |Cell |Count |
+------+-----+------+
|1     |LUT6 |    24|
|2     |IBUF |    12|
|3     |OBUF |     8|
+------+-----+------+
---------------------------------------------------------------------------------
Finished Writing Synthesis Report : Time (s): cpu = 00:00:19 ; elapsed = 00:00:20 . Memory (MB): peak = 2594.570 ; gain = 648.188 ; free physical = 31949 ; free virtual = 46750
---------------------------------------------------------------------------------
Synthesis finished with 0 errors, 0 critical warnings and 6 warnings.
Synthesis Optimization Runtime : Time (s): cpu = 00:00:18 ; elapsed = 00:00:18 . Memory (MB): peak = 2594.570 ; gain = 512.438 ; free physical = 31949 ; free virtual = 46750
Synthesis Optimization Complete : Time (s): cpu = 00:00:19 ; elapsed = 00:00:20 . Memory (MB): peak = 2594.578 ; gain = 648.188 ; free physical = 31949 ; free virtual = 46750
INFO: [Project 1-571] Translating synthesized netlist
Netlist sorting complete. Time (s): cpu = 00:00:00 ; elapsed = 00:00:00 . Memory (MB): peak = 2594.578 ; gain = 0.000 ; free physical = 32198 ; free virtual = 46999
INFO: [Project 1-570] Preparing netlist for logic optimization
INFO: [Opt 31-138] Pushed 0 inverter(s) to 0 load pin(s).
Netlist sorting complete. Time (s): cpu = 00:00:00 ; elapsed = 00:00:00 . Memory (MB): peak = 2594.578 ; gain = 0.000 ; free physical = 32289 ; free virtual = 47090
INFO: [Project 1-111] Unisim Transformation Summary:
No Unisim elements were transformed.

Synth Design complete | Checksum: f65db737
INFO: [Common 17-83] Releasing license: Synthesis
28 Infos, 15 Warnings, 0 Critical Warnings and 0 Errors encountered.
synth_design completed successfully
synth_design: Time (s): cpu = 00:00:26 ; elapsed = 00:00:24 . Memory (MB): peak = 2594.578 ; gain = 967.234 ; free physical = 32289 ; free virtual = 47090
INFO: [Common 17-2834] synth_design peak Physical Memory [PSS] (MB): overall = 1937.111; main = 1567.741; forked = 440.235
INFO: [Common 17-2834] synth_design peak Virtual Memory [VSS] (MB): overall = 4323.887; main = 2594.574; forked = 1737.316
Write ShapeDB Complete: Time (s): cpu = 00:00:00 ; elapsed = 00:00:00 . Memory (MB): peak = 2618.582 ; gain = 0.000 ; free physical = 32289 ; free virtual = 47090
INFO: [Common 17-1381] The checkpoint '/home/ncking/ECE-4305_Lab-1/ECE-4305_Lab-1.runs/synth_1/multi_barrel_shifter_mux.dcp' has been generated.
INFO: [Vivado 12-24828] Executing command : report_utilization -file multi_barrel_shifter_mux_utilization_synth.rpt -pb multi_barrel_shifter_mux_utilization_synth.pb
INFO: [Common 17-206] Exiting Vivado at Tue Sep  3 09:30:46 2024...
